Performing C SOURCE FILE Test LIBAKRYPT_HAVE_WINDOWS_H failed with the following output:
Change Dir: /home/ettafury/Projects/PAZI_Jacobi_intersections/Builds/Debug/CMakeFiles/CMakeTmp

Run Build Command(s):/usr/bin/ninja cmTC_e59df && [1/2] Building C object CMakeFiles/cmTC_e59df.dir/src.c.o
FAILED: CMakeFiles/cmTC_e59df.dir/src.c.o 
/usr/bin/cc   -Wall -pedantic-errors -O3 -funroll-loops -pipe -DLIBAKRYPT_HAVE_WINDOWS_H -o CMakeFiles/cmTC_e59df.dir/src.c.o -c src.c
src.c:2:12: fatal error: windows.h: No such file or directory
    2 |   #include <windows.h>
      |            ^~~~~~~~~~~
compilation terminated.
ninja: build stopped: subcommand failed.


Source file was:

  #include <windows.h>
  int main( void ) {
     return 0;
  }
Performing C SOURCE FILE Test LIBAKRYPT_HAVE_BUILTIN_CLMULEPI64 failed with the following output:
Change Dir: /home/ettafury/Projects/PAZI_Jacobi_intersections/Builds/Debug/CMakeFiles/CMakeTmp

Run Build Command(s):/usr/bin/ninja cmTC_5fb92 && [1/2] Building C object CMakeFiles/cmTC_5fb92.dir/src.c.o
FAILED: CMakeFiles/cmTC_5fb92.dir/src.c.o 
/usr/bin/cc   -Wall -pedantic-errors -O3 -funroll-loops -pipe -DLIBAKRYPT_HAVE_PTHREAD -DLIBAKRYPT_HAVE_BUILTIN_MULQ_GCC -DLIBAKRYPT_HAVE_BUILTIN_CLMULEPI64 -o CMakeFiles/cmTC_5fb92.dir/src.c.o -c src.c
src.c: In function ‘main’:
src.c:5:18: warning: variable ‘c’ set but not used [-Wunused-but-set-variable]
    5 |    __m128i a, b, c;
      |                  ^
src.c:6:8: warning: ‘a’ is used uninitialized in this function [-Wuninitialized]
    6 |    c = _mm_clmulepi64_si128( a, b, 0x00 );
      |        ^~~~~~~~~~~~~~~~~~~~~~~~~~~~~~~~~~
src.c:6:8: warning: ‘b’ is used uninitialized in this function [-Wuninitialized]
In file included from src.c:2:
/usr/lib/gcc/x86_64-pc-linux-gnu/10.2.0/include/wmmintrin.h:116:1: error: inlining failed in call to ‘always_inline’ ‘_mm_clmulepi64_si128’: target specific option mismatch
  116 | _mm_clmulepi64_si128 (__m128i __X, __m128i __Y, const int __I)
      | ^~~~~~~~~~~~~~~~~~~~
src.c:6:8: note: called from here
    6 |    c = _mm_clmulepi64_si128( a, b, 0x00 );
      |        ^~~~~~~~~~~~~~~~~~~~~~~~~~~~~~~~~~
ninja: build stopped: subcommand failed.


Source file was:

  #include <wmmintrin.h>
  int main( void ) {

   __m128i a, b, c;
   c = _mm_clmulepi64_si128( a, b, 0x00 );

  return 0;
 }
